<?xml version="1.0" encoding="UTF-8"?>
<testsuite name="com.nisum.evaluacionJava.service.tokens.TokenServiceImplTest" tests="1" skipped="0" failures="0" errors="0" timestamp="2021-10-25T11:22:24" hostname="LAPTOP-G8UG4535" time="0.219">
  <properties/>
  <testcase name="createToken()" classname="com.nisum.evaluacionJava.service.tokens.TokenServiceImplTest" time="0.219"/>
  <system-out><![CDATA[06:22:06.268 [Test worker] DEBUG org.springframework.test.context.BootstrapUtils - Instantiating CacheAwareContextLoaderDelegate from class [org.springframework.test.context.cache.DefaultCacheAwareContextLoaderDelegate]
06:22:06.289 [Test worker] DEBUG org.springframework.test.context.BootstrapUtils - Instantiating BootstrapContext using constructor [public org.springframework.test.context.support.DefaultBootstrapContext(java.lang.Class,org.springframework.test.context.CacheAwareContextLoaderDelegate)]
06:22:06.414 [Test worker] DEBUG org.springframework.test.context.BootstrapUtils - Instantiating TestContextBootstrapper for test class [com.nisum.evaluacionJava.service.tokens.TokenServiceImplTest] from class [org.springframework.boot.test.context.SpringBootTestContextBootstrapper]
06:22:06.440 [Test worker] INFO org.springframework.boot.test.context.SpringBootTestContextBootstrapper - Neither @ContextConfiguration nor @ContextHierarchy found for test class [com.nisum.evaluacionJava.service.tokens.TokenServiceImplTest], using SpringBootContextLoader
06:22:06.448 [Test worker] DEBUG org.springframework.test.context.support.AbstractContextLoader - Did not detect default resource location for test class [com.nisum.evaluacionJava.service.tokens.TokenServiceImplTest]: class path resource [com/nisum/evaluacionJava/service/tokens/TokenServiceImplTest-context.xml] does not exist
06:22:06.449 [Test worker] DEBUG org.springframework.test.context.support.AbstractContextLoader - Did not detect default resource location for test class [com.nisum.evaluacionJava.service.tokens.TokenServiceImplTest]: class path resource [com/nisum/evaluacionJava/service/tokens/TokenServiceImplTestContext.groovy] does not exist
06:22:06.449 [Test worker] INFO org.springframework.test.context.support.AbstractContextLoader - Could not detect default resource locations for test class [com.nisum.evaluacionJava.service.tokens.TokenServiceImplTest]: no resource found for suffixes {-context.xml, Context.groovy}.
06:22:06.451 [Test worker] INFO org.springframework.test.context.support.AnnotationConfigContextLoaderUtils - Could not detect default configuration classes for test class [com.nisum.evaluacionJava.service.tokens.TokenServiceImplTest]: TokenServiceImplTest does not declare any static, non-private, non-final, nested classes annotated with @Configuration.
06:22:06.521 [Test worker] DEBUG org.springframework.test.context.support.ActiveProfilesUtils - Could not find an 'annotation declaring class' for annotation type [org.springframework.test.context.ActiveProfiles] and class [com.nisum.evaluacionJava.service.tokens.TokenServiceImplTest]
06:22:06.751 [Test worker] DEBUG org.springframework.context.annotation.ClassPathScanningCandidateComponentProvider - Identified candidate component class: file [C:\Users\Santiago Lozano\Documents\intelliJ IDEA\evaluacionJava\build\classes\java\main\com\nisum\evaluacionJava\EvaluacionJavaApplication.class]
06:22:06.756 [Test worker] INFO org.springframework.boot.test.context.SpringBootTestContextBootstrapper - Found @SpringBootConfiguration com.nisum.evaluacionJava.EvaluacionJavaApplication for test class com.nisum.evaluacionJava.service.tokens.TokenServiceImplTest
06:22:07.204 [Test worker] DEBUG org.springframework.boot.test.context.SpringBootTestContextBootstrapper - @TestExecutionListeners is not present for class [com.nisum.evaluacionJava.service.tokens.TokenServiceImplTest]: using defaults.
06:22:07.204 [Test worker] INFO org.springframework.boot.test.context.SpringBootTestContextBootstrapper - Loaded default TestExecutionListener class names from location [META-INF/spring.factories]: [org.springframework.security.test.context.support.WithSecurityContextTestExecutionListener, org.springframework.security.test.context.support.ReactorContextTestExecutionListener, org.springframework.boot.test.autoconfigure.restdocs.RestDocsTestExecutionListener, org.springframework.boot.test.autoconfigure.web.client.MockRestServiceServerResetTestExecutionListener, org.springframework.boot.test.autoconfigure.web.servlet.MockMvcPrintOnlyOnFailureTestExecutionListener, org.springframework.boot.test.autoconfigure.web.servlet.WebDriverTestExecutionListener, org.springframework.boot.test.autoconfigure.webservices.client.MockWebServiceServerTestExecutionListener, org.springframework.boot.test.mock.mockito.MockitoTestExecutionListener, org.springframework.boot.test.mock.mockito.ResetMocksTestExecutionListener, org.springframework.test.context.web.ServletTestExecutionListener, org.springframework.test.context.support.DirtiesContextBeforeModesTestExecutionListener, org.springframework.test.context.event.ApplicationEventsTestExecutionListener, org.springframework.test.context.support.DependencyInjectionTestExecutionListener, org.springframework.test.context.support.DirtiesContextTestExecutionListener, org.springframework.test.context.transaction.TransactionalTestExecutionListener, org.springframework.test.context.jdbc.SqlScriptsTestExecutionListener, org.springframework.test.context.event.EventPublishingTestExecutionListener]
06:22:07.244 [Test worker] INFO org.springframework.boot.test.context.SpringBootTestContextBootstrapper - Using TestExecutionListeners: [org.springframework.test.context.web.ServletTestExecutionListener@36328d33, org.springframework.test.context.support.DirtiesContextBeforeModesTestExecutionListener@2c4d1ac, org.springframework.test.context.event.ApplicationEventsTestExecutionListener@7f0d96f2, org.springframework.boot.test.mock.mockito.MockitoTestExecutionListener@545b995e, org.springframework.boot.test.autoconfigure.SpringBootDependencyInjectionTestExecutionListener@76a2ddf3, org.springframework.test.context.support.DirtiesContextTestExecutionListener@524f3b3a, org.springframework.test.context.transaction.TransactionalTestExecutionListener@41e68d87, org.springframework.test.context.jdbc.SqlScriptsTestExecutionListener@49ff7d8c, org.springframework.security.test.context.support.WithSecurityContextTestExecutionListener@29526c05, org.springframework.test.context.event.EventPublishingTestExecutionListener@2ef14fe, org.springframework.security.test.context.support.ReactorContextTestExecutionListener@77102b91, org.springframework.boot.test.autoconfigure.restdocs.RestDocsTestExecutionListener@45312be2, org.springframework.boot.test.autoconfigure.web.client.MockRestServiceServerResetTestExecutionListener@7fb95505, org.springframework.boot.test.autoconfigure.web.servlet.MockMvcPrintOnlyOnFailureTestExecutionListener@58be6e8, org.springframework.boot.test.autoconfigure.web.servlet.WebDriverTestExecutionListener@7331196b, org.springframework.boot.test.autoconfigure.webservices.client.MockWebServiceServerTestExecutionListener@3f9342d4, org.springframework.boot.test.mock.mockito.ResetMocksTestExecutionListener@ab7395e]
06:22:07.260 [Test worker] DEBUG org.springframework.test.context.support.AbstractDirtiesContextTestExecutionListener - Before test class: context [DefaultTestContext@24ba9639 testClass = TokenServiceImplTest, testInstance = [null], testMethod = [null], testException = [null], mergedContextConfiguration = [WebMergedContextConfiguration@38aa816f testClass = TokenServiceImplTest, locations = '{}', classes = '{class com.nisum.evaluacionJava.EvaluacionJavaApplication}', contextInitializerClasses = '[]', activeProfiles = '{}', propertySourceLocations = '{}', propertySourceProperties = '{org.springframework.boot.test.context.SpringBootTestContextBootstrapper=true}', contextCustomizers = set[org.springframework.boot.test.autoconfigure.actuate.metrics.MetricsExportContextCustomizerFactory$DisableMetricExportContextCustomizer@72035809, org.springframework.boot.test.autoconfigure.properties.PropertyMappingContextCustomizer@0, org.springframework.boot.test.autoconfigure.web.servlet.WebDriverContextCustomizerFactory$Customizer@cecf639, org.springframework.boot.test.context.filter.ExcludeFilterContextCustomizer@5b247367, org.springframework.boot.test.json.DuplicateJsonObjectContextCustomizerFactory$DuplicateJsonObjectContextCustomizer@7e057f43, org.springframework.boot.test.mock.mockito.MockitoContextCustomizer@0, org.springframework.boot.test.web.client.TestRestTemplateContextCustomizer@359df09a, org.springframework.boot.test.context.SpringBootTestArgs@1, org.springframework.boot.test.context.SpringBootTestWebEnvironment@25d250c6], resourceBasePath = 'src/main/webapp', contextLoader = 'org.springframework.boot.test.context.SpringBootContextLoader', parent = [null]], attributes = map['org.springframework.test.context.web.ServletTestExecutionListener.activateListener' -> true]], class annotated with @DirtiesContext [false] with mode [null].
06:22:07.649 [Test worker] DEBUG org.springframework.test.context.support.TestPropertySourceUtils - Adding inlined properties to environment: {spring.jmx.enabled=false, org.springframework.boot.test.context.SpringBootTestContextBootstrapper=true}

  .   ____          _            __ _ _
 /\\ / ___'_ __ _ _(_)_ __  __ _ \ \ \ \
( ( )\___ | '_ | '_| | '_ \/ _` | \ \ \ \
 \\/  ___)| |_)| | | | | || (_| |  ) ) ) )
  '  |____| .__|_| |_|_| |_\__, | / / / /
 =========|_|==============|___/=/_/_/_/
 :: Spring Boot ::                (v2.5.6)

2021-10-25 06:22:08.446  INFO 14996 --- [    Test worker] c.n.e.s.tokens.TokenServiceImplTest      : Starting TokenServiceImplTest using Java 1.8.0_261 on LAPTOP-G8UG4535 with PID 14996 (started by Santiago Lozano in C:\Users\Santiago Lozano\Documents\intelliJ IDEA\evaluacionJava)
2021-10-25 06:22:08.450  INFO 14996 --- [    Test worker] c.n.e.s.tokens.TokenServiceImplTest      : No active profile set, falling back to default profiles: default
2021-10-25 06:22:10.552  INFO 14996 --- [    Test worker] .s.d.r.c.RepositoryConfigurationDelegate : Bootstrapping Spring Data JPA repositories in DEFAULT mode.
2021-10-25 06:22:10.731  INFO 14996 --- [    Test worker] .s.d.r.c.RepositoryConfigurationDelegate : Finished Spring Data repository scanning in 157 ms. Found 2 JPA repository interfaces.
2021-10-25 06:22:12.735  INFO 14996 --- [    Test worker] com.zaxxer.hikari.HikariDataSource       : HikariPool-1 - Starting...
2021-10-25 06:22:13.499  INFO 14996 --- [    Test worker] com.zaxxer.hikari.HikariDataSource       : HikariPool-1 - Start completed.
2021-10-25 06:22:13.736  INFO 14996 --- [    Test worker] o.hibernate.jpa.internal.util.LogHelper  : HHH000204: Processing PersistenceUnitInfo [name: default]
2021-10-25 06:22:13.936  INFO 14996 --- [    Test worker] org.hibernate.Version                    : HHH000412: Hibernate ORM core version 5.4.32.Final
2021-10-25 06:22:14.697  INFO 14996 --- [    Test worker] o.hibernate.annotations.common.Version   : HCANN000001: Hibernate Commons Annotations {5.1.2.Final}
2021-10-25 06:22:15.372  INFO 14996 --- [    Test worker] org.hibernate.dialect.Dialect            : HHH000400: Using dialect: org.hibernate.dialect.H2Dialect
2021-10-25 06:22:18.381  INFO 14996 --- [    Test worker] o.h.e.t.j.p.i.JtaPlatformInitiator       : HHH000490: Using JtaPlatform implementation: [org.hibernate.engine.transaction.jta.platform.internal.NoJtaPlatform]
2021-10-25 06:22:18.407  INFO 14996 --- [    Test worker] j.LocalContainerEntityManagerFactoryBean : Initialized JPA EntityManagerFactory for persistence unit 'default'
2021-10-25 06:22:21.772  WARN 14996 --- [    Test worker] JpaBaseConfiguration$JpaWebConfiguration : spring.jpa.open-in-view is enabled by default. Therefore, database queries may be performed during view rendering. Explicitly configure spring.jpa.open-in-view to disable this warning
2021-10-25 06:22:23.060  INFO 14996 --- [    Test worker] o.s.b.a.h2.H2ConsoleAutoConfiguration    : H2 console available at '/h2-console'. Database available at 'jdbc:h2:mem:evaluacionJava'
2021-10-25 06:22:24.532  INFO 14996 --- [    Test worker] c.n.e.s.tokens.TokenServiceImplTest      : Started TokenServiceImplTest in 16.855 seconds (JVM running for 22.524)
]]></system-out>
  <system-err><![CDATA[]]></system-err>
</testsuite>
